mode: atomic
github.com/udisondev/la2go/internal/crypto/blowfish.go:25.61,27.16 2 2
github.com/udisondev/la2go/internal/crypto/blowfish.go:27.16,29.3 1 0
github.com/udisondev/la2go/internal/crypto/blowfish.go:30.2,30.40 1 2
github.com/udisondev/la2go/internal/crypto/blowfish.go:35.71,36.17 1 2
github.com/udisondev/la2go/internal/crypto/blowfish.go:36.17,38.3 1 0
github.com/udisondev/la2go/internal/crypto/blowfish.go:39.2,39.29 1 2
github.com/udisondev/la2go/internal/crypto/blowfish.go:39.29,41.3 1 0
github.com/udisondev/la2go/internal/crypto/blowfish.go:42.2,42.43 1 2
github.com/udisondev/la2go/internal/crypto/blowfish.go:42.43,44.3 1 5
github.com/udisondev/la2go/internal/crypto/blowfish.go:45.2,45.12 1 2
github.com/udisondev/la2go/internal/crypto/blowfish.go:50.71,51.17 1 2
github.com/udisondev/la2go/internal/crypto/blowfish.go:51.17,53.3 1 0
github.com/udisondev/la2go/internal/crypto/blowfish.go:54.2,54.29 1 2
github.com/udisondev/la2go/internal/crypto/blowfish.go:54.29,56.3 1 0
github.com/udisondev/la2go/internal/crypto/blowfish.go:57.2,57.43 1 2
github.com/udisondev/la2go/internal/crypto/blowfish.go:57.43,59.3 1 5
github.com/udisondev/la2go/internal/crypto/blowfish.go:60.2,60.12 1 2
github.com/udisondev/la2go/internal/crypto/blowfish.go:66.52,68.45 2 0
github.com/udisondev/la2go/internal/crypto/blowfish.go:68.45,70.3 1 0
github.com/udisondev/la2go/internal/crypto/blowfish.go:71.2,71.63 1 0
github.com/udisondev/la2go/internal/crypto/blowfish.go:75.57,76.30 1 0
github.com/udisondev/la2go/internal/crypto/blowfish.go:76.30,78.3 1 0
github.com/udisondev/la2go/internal/crypto/blowfish.go:79.2,80.43 2 0
github.com/udisondev/la2go/internal/crypto/blowfish.go:80.43,82.3 1 0
github.com/udisondev/la2go/internal/crypto/blowfish.go:83.2,83.22 1 0
github.com/udisondev/la2go/internal/crypto/blowfish.go:90.59,95.17 4 0
github.com/udisondev/la2go/internal/crypto/blowfish.go:95.17,101.3 5 0
github.com/udisondev/la2go/internal/crypto/blowfish.go:104.2,104.49 1 0
github.com/udisondev/la2go/internal/crypto/login_encryption.go:26.70,28.16 2 0
github.com/udisondev/la2go/internal/crypto/login_encryption.go:28.16,30.3 1 0
github.com/udisondev/la2go/internal/crypto/login_encryption.go:31.2,32.16 2 0
github.com/udisondev/la2go/internal/crypto/login_encryption.go:32.16,34.3 1 0
github.com/udisondev/la2go/internal/crypto/login_encryption.go:35.2,39.8 1 0
github.com/udisondev/la2go/internal/crypto/login_encryption.go:46.86,49.19 2 0
github.com/udisondev/la2go/internal/crypto/login_encryption.go:49.19,51.3 1 0
github.com/udisondev/la2go/internal/crypto/login_encryption.go:53.2,54.31 2 0
github.com/udisondev/la2go/internal/crypto/login_encryption.go:54.31,56.3 1 0
github.com/udisondev/la2go/internal/crypto/login_encryption.go:58.2,58.20 1 0
github.com/udisondev/la2go/internal/crypto/login_encryption.go:58.20,65.21 5 0
github.com/udisondev/la2go/internal/crypto/login_encryption.go:65.21,67.4 1 0
github.com/udisondev/la2go/internal/crypto/login_encryption.go:68.3,69.72 2 0
github.com/udisondev/la2go/internal/crypto/login_encryption.go:69.72,71.4 1 0
github.com/udisondev/la2go/internal/crypto/login_encryption.go:72.3,72.22 1 0
github.com/udisondev/la2go/internal/crypto/login_encryption.go:76.2,77.25 2 0
github.com/udisondev/la2go/internal/crypto/login_encryption.go:77.25,79.3 1 0
github.com/udisondev/la2go/internal/crypto/login_encryption.go:81.2,81.55 1 0
github.com/udisondev/la2go/internal/crypto/login_encryption.go:81.55,83.3 1 0
github.com/udisondev/la2go/internal/crypto/login_encryption.go:84.2,85.77 2 0
github.com/udisondev/la2go/internal/crypto/login_encryption.go:85.77,87.3 1 0
github.com/udisondev/la2go/internal/crypto/login_encryption.go:88.2,88.26 1 0
github.com/udisondev/la2go/internal/crypto/login_encryption.go:93.87,95.17 1 0
github.com/udisondev/la2go/internal/crypto/login_encryption.go:95.17,97.3 1 0
github.com/udisondev/la2go/internal/crypto/login_encryption.go:98.2,98.69 1 0
github.com/udisondev/la2go/internal/crypto/login_encryption.go:98.69,100.3 1 0
github.com/udisondev/la2go/internal/crypto/login_encryption.go:101.2,101.48 1 0
github.com/udisondev/la2go/internal/crypto/rsa.go:18.48,20.16 2 0
github.com/udisondev/la2go/internal/crypto/rsa.go:20.16,22.3 1 0
github.com/udisondev/la2go/internal/crypto/rsa.go:24.2,28.46 2 0
github.com/udisondev/la2go/internal/crypto/rsa.go:28.46,30.3 1 0
github.com/udisondev/la2go/internal/crypto/rsa.go:31.2,31.25 1 0
github.com/udisondev/la2go/internal/crypto/rsa.go:31.25,35.3 3 0
github.com/udisondev/la2go/internal/crypto/rsa.go:37.2,42.8 2 0
github.com/udisondev/la2go/internal/crypto/rsa.go:51.51,63.45 3 4
github.com/udisondev/la2go/internal/crypto/rsa.go:63.45,65.3 1 0
github.com/udisondev/la2go/internal/crypto/rsa.go:66.2,66.24 1 4
github.com/udisondev/la2go/internal/crypto/rsa.go:66.24,70.3 3 0
github.com/udisondev/la2go/internal/crypto/rsa.go:73.2,76.8 1 4
github.com/udisondev/la2go/internal/crypto/rsa.go:81.38,108.2 10 4
github.com/udisondev/la2go/internal/crypto/rsa.go:113.45,114.25 1 0
github.com/udisondev/la2go/internal/crypto/rsa.go:114.25,115.82 1 0
github.com/udisondev/la2go/internal/crypto/rsa.go:118.2,122.19 3 0
github.com/udisondev/la2go/internal/crypto/rsa.go:122.19,124.3 1 0
github.com/udisondev/la2go/internal/crypto/rsa.go:127.2,127.22 1 0
github.com/udisondev/la2go/internal/crypto/rsa.go:127.22,129.3 1 0
github.com/udisondev/la2go/internal/crypto/rsa.go:132.2,132.19 1 0
github.com/udisondev/la2go/internal/crypto/rsa.go:132.19,134.3 1 0
github.com/udisondev/la2go/internal/crypto/rsa.go:137.2,137.22 1 0
github.com/udisondev/la2go/internal/crypto/rsa.go:137.22,139.3 1 0
github.com/udisondev/la2go/internal/crypto/rsa.go:141.2,141.18 1 0
github.com/udisondev/la2go/internal/crypto/rsa.go:148.89,152.32 2 2
github.com/udisondev/la2go/internal/crypto/rsa.go:152.32,154.3 1 0
github.com/udisondev/la2go/internal/crypto/rsa.go:157.2,162.27 4 2
github.com/udisondev/la2go/internal/crypto/rsa.go:162.27,166.3 3 2
github.com/udisondev/la2go/internal/crypto/rsa.go:168.2,168.20 1 2
