mode: set
github.com/udisondev/la2go/internal/gslistener/serverpackets/auth_response.go:13.69,26.30 7 1
github.com/udisondev/la2go/internal/gslistener/serverpackets/auth_response.go:26.30,30.3 3 1
github.com/udisondev/la2go/internal/gslistener/serverpackets/auth_response.go:33.2,37.12 4 1
github.com/udisondev/la2go/internal/gslistener/serverpackets/init_ls.go:15.64,32.27 9 1
github.com/udisondev/la2go/internal/gslistener/serverpackets/init_ls.go:32.27,34.3 1 1
github.com/udisondev/la2go/internal/gslistener/serverpackets/init_ls.go:34.8,37.3 1 1
github.com/udisondev/la2go/internal/gslistener/serverpackets/init_ls.go:38.2,41.12 3 1
github.com/udisondev/la2go/internal/gslistener/serverpackets/login_server_fail.go:10.51,14.2 3 1
github.com/udisondev/la2go/internal/gslistener/bufpool.go:12.44,14.26 2 1
github.com/udisondev/la2go/internal/gslistener/bufpool.go:14.26,16.3 1 0
github.com/udisondev/la2go/internal/gslistener/bufpool.go:17.2,17.10 1 1
github.com/udisondev/la2go/internal/gslistener/bufpool.go:21.41,23.19 2 0
github.com/udisondev/la2go/internal/gslistener/bufpool.go:23.19,26.3 2 0
github.com/udisondev/la2go/internal/gslistener/bufpool.go:27.2,29.10 3 0
github.com/udisondev/la2go/internal/gslistener/bufpool.go:33.34,34.14 1 0
github.com/udisondev/la2go/internal/gslistener/bufpool.go:34.14,36.3 1 0
github.com/udisondev/la2go/internal/gslistener/bufpool.go:37.2,37.19 1 0
github.com/udisondev/la2go/internal/gslistener/connection.go:26.91,29.16 2 1
github.com/udisondev/la2go/internal/gslistener/connection.go:29.16,31.3 1 1
github.com/udisondev/la2go/internal/gslistener/connection.go:34.2,35.16 2 1
github.com/udisondev/la2go/internal/gslistener/connection.go:35.16,37.3 1 0
github.com/udisondev/la2go/internal/gslistener/connection.go:39.2,46.8 1 1
github.com/udisondev/la2go/internal/gslistener/connection.go:50.36,52.2 1 0
github.com/udisondev/la2go/internal/gslistener/connection.go:55.59,59.2 3 1
github.com/udisondev/la2go/internal/gslistener/connection.go:62.63,66.2 3 1
github.com/udisondev/la2go/internal/gslistener/connection.go:69.64,73.2 3 1
github.com/udisondev/la2go/internal/gslistener/connection.go:76.73,80.2 3 1
github.com/udisondev/la2go/internal/gslistener/connection.go:83.56,85.2 1 0
github.com/udisondev/la2go/internal/gslistener/connection.go:88.78,92.2 3 1
github.com/udisondev/la2go/internal/gslistener/connection.go:95.68,99.2 3 1
github.com/udisondev/la2go/internal/gslistener/connection.go:102.51,106.2 3 1
github.com/udisondev/la2go/internal/gslistener/connection.go:109.54,113.2 3 1
github.com/udisondev/la2go/internal/gslistener/connection.go:116.56,121.2 4 1
github.com/udisondev/la2go/internal/gslistener/handler.go:18.80,23.2 1 1
github.com/udisondev/la2go/internal/gslistener/handler.go:32.22,33.20 1 1
github.com/udisondev/la2go/internal/gslistener/handler.go:33.20,35.3 1 0
github.com/udisondev/la2go/internal/gslistener/handler.go:37.2,41.15 4 1
github.com/udisondev/la2go/internal/gslistener/handler.go:42.33,43.17 1 1
github.com/udisondev/la2go/internal/gslistener/handler.go:44.13,45.53 1 1
github.com/udisondev/la2go/internal/gslistener/handler.go:46.11,47.83 1 1
github.com/udisondev/la2go/internal/gslistener/handler.go:50.35,51.17 1 1
github.com/udisondev/la2go/internal/gslistener/handler.go:52.13,53.56 1 1
github.com/udisondev/la2go/internal/gslistener/handler.go:54.11,55.86 1 1
github.com/udisondev/la2go/internal/gslistener/handler.go:58.30,59.17 1 1
github.com/udisondev/la2go/internal/gslistener/handler.go:60.13,61.54 1 1
github.com/udisondev/la2go/internal/gslistener/handler.go:62.13,63.54 1 0
github.com/udisondev/la2go/internal/gslistener/handler.go:64.13,65.59 1 0
github.com/udisondev/la2go/internal/gslistener/handler.go:66.13,67.54 1 0
github.com/udisondev/la2go/internal/gslistener/handler.go:68.11,69.64 1 1
github.com/udisondev/la2go/internal/gslistener/handler.go:72.10,73.68 1 0
github.com/udisondev/la2go/internal/gslistener/handler.go:80.111,83.2 1 1
github.com/udisondev/la2go/internal/gslistener/handler.go:85.114,88.2 1 1
github.com/udisondev/la2go/internal/gslistener/handler.go:90.112,93.2 1 1
github.com/udisondev/la2go/internal/gslistener/handler.go:95.112,98.2 1 0
github.com/udisondev/la2go/internal/gslistener/handler.go:100.117,103.2 1 0
github.com/udisondev/la2go/internal/gslistener/handler.go:105.112,108.2 1 0
github.com/udisondev/la2go/internal/gslistener/protocol.go:18.96,19.50 1 1
github.com/udisondev/la2go/internal/gslistener/protocol.go:19.50,21.3 1 0
github.com/udisondev/la2go/internal/gslistener/protocol.go:24.2,43.16 10 1
github.com/udisondev/la2go/internal/gslistener/protocol.go:43.16,45.3 1 0
github.com/udisondev/la2go/internal/gslistener/protocol.go:47.2,47.12 1 1
github.com/udisondev/la2go/internal/gslistener/protocol.go:56.89,60.16 3 1
github.com/udisondev/la2go/internal/gslistener/protocol.go:60.16,62.3 1 0
github.com/udisondev/la2go/internal/gslistener/protocol.go:64.2,65.18 2 1
github.com/udisondev/la2go/internal/gslistener/protocol.go:65.18,67.3 1 0
github.com/udisondev/la2go/internal/gslistener/protocol.go:69.2,70.30 2 1
github.com/udisondev/la2go/internal/gslistener/protocol.go:70.30,72.3 1 0
github.com/udisondev/la2go/internal/gslistener/protocol.go:75.2,77.16 3 1
github.com/udisondev/la2go/internal/gslistener/protocol.go:77.16,79.3 1 0
github.com/udisondev/la2go/internal/gslistener/protocol.go:82.2,86.12 3 1
github.com/udisondev/la2go/internal/gslistener/protocol.go:86.12,88.3 1 0
github.com/udisondev/la2go/internal/gslistener/protocol.go:91.2,92.31 2 1
github.com/udisondev/la2go/internal/gslistener/server.go:37.111,49.33 3 1
github.com/udisondev/la2go/internal/gslistener/server.go:49.33,51.17 2 1
github.com/udisondev/la2go/internal/gslistener/server.go:51.17,53.4 1 0
github.com/udisondev/la2go/internal/gslistener/server.go:54.3,54.24 1 1
github.com/udisondev/la2go/internal/gslistener/server.go:57.2,57.15 1 1
github.com/udisondev/la2go/internal/gslistener/server.go:61.49,64.16 3 1
github.com/udisondev/la2go/internal/gslistener/server.go:64.16,66.3 1 0
github.com/udisondev/la2go/internal/gslistener/server.go:69.2,69.12 1 1
github.com/udisondev/la2go/internal/gslistener/server.go:69.12,72.3 2 1
github.com/udisondev/la2go/internal/gslistener/server.go:74.2,75.12 2 1
github.com/udisondev/la2go/internal/gslistener/server.go:75.12,78.3 2 1
github.com/udisondev/la2go/internal/gslistener/server.go:80.2,81.12 2 1
github.com/udisondev/la2go/internal/gslistener/server.go:89.3,90.6 1 1
github.com/udisondev/la2go/internal/gslistener/server.go:90.6,91.10 1 1
github.com/udisondev/la2go/internal/gslistener/server.go:92.21,93.10 1 1
github.com/udisondev/la2go/internal/gslistener/server.go:94.11,96.18 2 0
github.com/udisondev/la2go/internal/gslistener/server.go:96.18,98.13 2 0
github.com/udisondev/la2go/internal/gslistener/server.go:100.4,100.17 1 0
github.com/udisondev/la2go/internal/gslistener/server.go:100.17,102.5 1 0
github.com/udisondev/la2go/internal/gslistener/server.go:107.72,110.12 2 0
github.com/udisondev/la2go/internal/gslistener/server.go:110.12,113.3 2 0
github.com/udisondev/la2go/internal/gslistener/server.go:115.2,116.16 2 0
github.com/udisondev/la2go/internal/gslistener/server.go:116.16,119.3 2 0
github.com/udisondev/la2go/internal/gslistener/server.go:121.2,128.16 4 0
github.com/udisondev/la2go/internal/gslistener/server.go:128.16,131.3 2 0
github.com/udisondev/la2go/internal/gslistener/server.go:134.2,136.79 3 0
github.com/udisondev/la2go/internal/gslistener/server.go:136.79,140.3 3 0
github.com/udisondev/la2go/internal/gslistener/server.go:141.2,145.6 3 0
github.com/udisondev/la2go/internal/gslistener/server.go:145.6,146.10 1 0
github.com/udisondev/la2go/internal/gslistener/server.go:147.21,149.10 2 0
github.com/udisondev/la2go/internal/gslistener/server.go:150.11,151.54 1 0
github.com/udisondev/la2go/internal/gslistener/server.go:151.54,154.5 2 0
github.com/udisondev/la2go/internal/gslistener/server.go:154.10,154.25 1 0
github.com/udisondev/la2go/internal/gslistener/server.go:154.25,156.5 1 0
github.com/udisondev/la2go/internal/gslistener/server.go:161.47,163.17 2 0
github.com/udisondev/la2go/internal/gslistener/server.go:163.17,166.3 2 0
github.com/udisondev/la2go/internal/gslistener/server.go:166.8,168.3 1 0
github.com/udisondev/la2go/internal/gslistener/server.go:175.17,182.16 6 0
github.com/udisondev/la2go/internal/gslistener/server.go:182.16,184.3 1 0
github.com/udisondev/la2go/internal/gslistener/server.go:187.2,188.16 2 0
github.com/udisondev/la2go/internal/gslistener/server.go:188.16,190.3 1 0
github.com/udisondev/la2go/internal/gslistener/server.go:192.2,192.11 1 0
github.com/udisondev/la2go/internal/gslistener/server.go:192.11,193.83 1 0
github.com/udisondev/la2go/internal/gslistener/server.go:193.83,195.4 1 0
github.com/udisondev/la2go/internal/gslistener/server.go:198.2,198.16 1 0
