mode: set
github.com/udisondev/la2go/internal/gameserver/info.go:29.62,34.2 1 1
github.com/udisondev/la2go/internal/gameserver/info.go:37.37,41.2 3 1
github.com/udisondev/la2go/internal/gameserver/info.go:44.42,48.2 3 1
github.com/udisondev/la2go/internal/gameserver/info.go:51.43,55.2 3 1
github.com/udisondev/la2go/internal/gameserver/info.go:58.44,60.2 1 0
github.com/udisondev/la2go/internal/gameserver/info.go:63.51,65.2 1 0
github.com/udisondev/la2go/internal/gameserver/info.go:68.39,72.2 3 0
github.com/udisondev/la2go/internal/gameserver/info.go:75.46,79.2 3 0
github.com/udisondev/la2go/internal/gameserver/info.go:82.45,86.2 3 0
github.com/udisondev/la2go/internal/gameserver/info.go:89.51,93.2 3 0
github.com/udisondev/la2go/internal/gameserver/info.go:96.41,100.2 3 0
github.com/udisondev/la2go/internal/gameserver/info.go:103.50,107.2 3 0
github.com/udisondev/la2go/internal/gameserver/info.go:110.45,114.2 3 0
github.com/udisondev/la2go/internal/gameserver/info.go:117.58,121.2 3 0
github.com/udisondev/la2go/internal/gameserver/info.go:124.43,128.2 3 0
github.com/udisondev/la2go/internal/gameserver/info.go:131.54,135.2 3 0
github.com/udisondev/la2go/internal/gameserver/info.go:138.45,144.2 5 0
github.com/udisondev/la2go/internal/gameserver/info.go:147.53,152.2 4 0
github.com/udisondev/la2go/internal/gameserver/info.go:155.51,159.2 3 0
github.com/udisondev/la2go/internal/gameserver/info.go:162.58,166.2 3 0
github.com/udisondev/la2go/internal/gameserver/info.go:169.38,175.2 5 0
github.com/udisondev/la2go/internal/gameserver/table.go:21.59,26.2 1 1
github.com/udisondev/la2go/internal/gameserver/table.go:30.73,34.42 3 1
github.com/udisondev/la2go/internal/gameserver/table.go:34.42,36.3 1 1
github.com/udisondev/la2go/internal/gameserver/table.go:38.2,39.13 2 1
github.com/udisondev/la2go/internal/gameserver/table.go:43.69,49.2 4 1
github.com/udisondev/la2go/internal/gameserver/table.go:53.103,58.33 3 1
github.com/udisondev/la2go/internal/gameserver/table.go:58.33,59.44 1 1
github.com/udisondev/la2go/internal/gameserver/table.go:59.44,63.4 3 1
github.com/udisondev/la2go/internal/gameserver/table.go:66.2,66.17 1 1
github.com/udisondev/la2go/internal/gameserver/table.go:70.70,75.9 4 1
github.com/udisondev/la2go/internal/gameserver/table.go:75.9,77.3 1 1
github.com/udisondev/la2go/internal/gameserver/table.go:79.2,79.41 1 1
github.com/udisondev/la2go/internal/gameserver/table.go:83.54,88.35 4 1
github.com/udisondev/la2go/internal/gameserver/table.go:88.35,90.3 1 1
github.com/udisondev/la2go/internal/gameserver/table.go:92.2,92.16 1 1
github.com/udisondev/la2go/internal/gameserver/table.go:96.44,101.2 3 1
github.com/udisondev/la2go/internal/gameserver/table.go:104.67,105.19 1 0
github.com/udisondev/la2go/internal/gameserver/table.go:105.19,107.3 1 0
github.com/udisondev/la2go/internal/gameserver/table.go:109.2,110.16 2 0
github.com/udisondev/la2go/internal/gameserver/table.go:110.16,112.3 1 0
github.com/udisondev/la2go/internal/gameserver/table.go:113.2,118.18 4 0
github.com/udisondev/la2go/internal/gameserver/table.go:118.18,123.58 4 0
github.com/udisondev/la2go/internal/gameserver/table.go:123.58,125.4 1 0
github.com/udisondev/la2go/internal/gameserver/table.go:128.3,129.17 2 0
github.com/udisondev/la2go/internal/gameserver/table.go:129.17,131.4 1 0
github.com/udisondev/la2go/internal/gameserver/table.go:133.3,134.25 2 0
github.com/udisondev/la2go/internal/gameserver/table.go:137.2,137.35 1 0
github.com/udisondev/la2go/internal/gameserver/table.go:137.35,139.3 1 0
github.com/udisondev/la2go/internal/gameserver/table.go:141.2,141.12 1 0
github.com/udisondev/la2go/internal/gameserver/table.go:145.54,146.24 1 0
github.com/udisondev/la2go/internal/gameserver/table.go:146.24,148.3 1 0
github.com/udisondev/la2go/internal/gameserver/table.go:150.2,151.38 2 0
github.com/udisondev/la2go/internal/gameserver/table.go:151.38,154.17 3 0
github.com/udisondev/la2go/internal/gameserver/table.go:154.17,156.4 1 0
github.com/udisondev/la2go/internal/gameserver/table.go:157.3,157.18 1 0
github.com/udisondev/la2go/internal/gameserver/table.go:160.2,160.20 1 0
github.com/udisondev/la2go/internal/gameserver/types.go:12.42,13.11 1 0
github.com/udisondev/la2go/internal/gameserver/types.go:14.22,15.21 1 0
github.com/udisondev/la2go/internal/gameserver/types.go:16.24,17.24 1 0
github.com/udisondev/la2go/internal/gameserver/types.go:18.19,19.18 1 0
github.com/udisondev/la2go/internal/gameserver/types.go:20.10,21.19 1 0
