mode: set
github.com/udisondev/la2go/internal/gslistener/protocol.go:16.96,17.47 1 1
github.com/udisondev/la2go/internal/gslistener/protocol.go:17.47,19.3 1 0
github.com/udisondev/la2go/internal/gslistener/protocol.go:22.2,41.16 10 1
github.com/udisondev/la2go/internal/gslistener/protocol.go:41.16,43.3 1 0
github.com/udisondev/la2go/internal/gslistener/protocol.go:45.2,45.12 1 1
github.com/udisondev/la2go/internal/gslistener/protocol.go:53.89,57.16 3 1
github.com/udisondev/la2go/internal/gslistener/protocol.go:57.16,59.3 1 0
github.com/udisondev/la2go/internal/gslistener/protocol.go:61.2,62.18 2 1
github.com/udisondev/la2go/internal/gslistener/protocol.go:62.18,64.3 1 0
github.com/udisondev/la2go/internal/gslistener/protocol.go:66.2,67.30 2 1
github.com/udisondev/la2go/internal/gslistener/protocol.go:67.30,69.3 1 0
github.com/udisondev/la2go/internal/gslistener/protocol.go:72.2,73.16 2 1
github.com/udisondev/la2go/internal/gslistener/protocol.go:73.16,75.3 1 0
github.com/udisondev/la2go/internal/gslistener/protocol.go:78.2,82.12 3 1
github.com/udisondev/la2go/internal/gslistener/protocol.go:82.12,84.3 1 0
github.com/udisondev/la2go/internal/gslistener/protocol.go:87.2,88.31 2 1
github.com/udisondev/la2go/internal/gslistener/rsa_pool.go:17.52,18.16 1 1
github.com/udisondev/la2go/internal/gslistener/rsa_pool.go:18.16,20.3 1 1
github.com/udisondev/la2go/internal/gslistener/rsa_pool.go:22.2,23.23 2 1
github.com/udisondev/la2go/internal/gslistener/rsa_pool.go:23.23,25.17 2 1
github.com/udisondev/la2go/internal/gslistener/rsa_pool.go:25.17,27.4 1 0
github.com/udisondev/la2go/internal/gslistener/rsa_pool.go:28.3,28.20 1 1
github.com/udisondev/la2go/internal/gslistener/rsa_pool.go:31.2,31.37 1 1
github.com/udisondev/la2go/internal/gslistener/rsa_pool.go:35.50,37.2 1 1
